********************************************************************************
product = WebSphere Application Server 24.0.0.8 (wlp-1.0.92.cl240820240729-1903)
wlp.install.dir = /opt/IBM/WebSphere/versions/wlp-nd-24008/
server.config.dir = /opt/IBM/WebSphere/usr/servers/uhg/
java.home = /opt/IBM/WebSphere/versions/wlp-nd-24008/java/ibm-java-x86_64-80/jre
java.version = 1.8.0_421
java.runtime = Java(TM) SE Runtime Environment (8.0.8.30 - pxa6480sr8fp30-20240801_01(SR8 FP30))
os = Linux (5.15.0-106-generic; amd64) (en_US)
process = 166709@192.168.1.20
Classpath = /opt/IBM/WebSphere/wlp/bin/tools/ws-server.jar:/opt/IBM/WebSphere/wlp/bin/tools/ws-javaagent.jar
Java Library path = /opt/IBM/WebSphere/versions/wlp-nd-24008/java/ibm-java-x86_64-80/jre/lib/amd64/compressedrefs:/opt/IBM/WebSphere/versions/wlp-nd-24008/java/ibm-java-x86_64-80/jre/lib/amd64:/usr/lib64:/usr/lib
********************************************************************************
[11/12/24 8:49:50:186 EST] 00000001 com.ibm.ws.kernel.launch.internal.FrameworkManager           A CWWKE0001I: The server uhg has been launched.
[11/12/24 8:49:50:442 EST] 00000001 com.ibm.ws.kernel.launch.internal.FrameworkManager           I CWWKE0002I: The kernel started after 0.297 seconds
[11/12/24 8:49:50:494 EST] 00000039 com.ibm.ws.kernel.feature.internal.FeatureManager            I CWWKF0007I: Feature update started.
[11/12/24 8:49:50:799 EST] 0000002d com.ibm.ws.app.manager.internal.monitor.DropinMonitor        A CWWKZ0058I: Monitoring dropins for applications.
[11/12/24 8:49:50:904 EST] 00000042 om.ibm.ws.app.manager.rar.internal.RARApplicationHandlerImpl I J2CA7018I: Installing resource adapter mqJms.
[11/12/24 8:49:51:034 EST] 00000042 com.ibm.ws.session.WASSessionCore                            I SESN8501I: The session manager did not find a persistent storage location; HttpSession objects will be stored in the local application server's memory.
[11/12/24 8:49:51:073 EST] 00000035 com.ibm.ws.ssl.config.WSKeyStore                             I Successfully loaded default keystore: /opt/IBM/WebSphere/usr/servers/uhg/resources/keystore.p12 of type: PKCS12
[11/12/24 8:49:51:548 EST] 00000042 om.ibm.ws.app.manager.rar.internal.RARApplicationHandlerImpl A J2CA7001I: Resource adapter mqJms installed in 0.643 seconds.
[11/12/24 8:49:51:550 EST] 00000052 com.ibm.ws.app.manager.AppMessageHelper                      I CWWKZ0018I: Starting application WMQHTTP.
[11/12/24 8:49:51:550 EST] 00000052 bm.ws.app.manager.war.internal.WARDeployedAppInfoFactoryImpl I CWWKZ0136I: The WMQHTTP application is using the archive file at the /opt/IBM/WebSphere/usr/servers/uhg/apps/WMQHTTP.war location.
[11/12/24 8:49:51:569 EST] 00000052 com.ibm.ws.webcontainer.osgi.webapp.WebGroup                 I SRVE0169I: Loading Web Module: IBM WebSphere MQ Bridge for HTTP.
[11/12/24 8:49:51:569 EST] 00000052 com.ibm.ws.webcontainer                                      I SRVE0250I: Web Module IBM WebSphere MQ Bridge for HTTP has been bound to default_host.
[11/12/24 8:49:51:569 EST] 00000052 com.ibm.ws.http.internal.VirtualHostImpl                     A CWWKT0016I: Web application available (default_host): http://172.17.0.1:9080/WMQHTTP/
[11/12/24 8:49:51:574 EST] 00000053 com.ibm.ws.session.WASSessionCore                            I SESN0176I: A new session context will be created for application key default_host/WMQHTTP
[11/12/24 8:49:51:575 EST] 00000053 com.ibm.ws.util                                              I SESN0172I: The session manager is using the Java default SecureRandom implementation for session ID generation.
[11/12/24 8:49:51:578 EST] 00000053 com.ibm.ws.app.manager.AppMessageHelper                      A CWWKZ0001I: Application WMQHTTP started in 0.028 seconds.
[11/12/24 8:49:51:583 EST] 00000039 com.ibm.ws.tcpchannel.internal.TCPPort                       I CWWKO0219I: TCP Channel defaultHttpEndpoint has been started and is now listening for requests on host *  (IPv6) port 9080.
[11/12/24 8:49:51:583 EST] 00000039 com.ibm.ws.tcpchannel.internal.TCPPort                       I CWWKO0219I: TCP Channel defaultHttpEndpoint-ssl has been started and is now listening for requests on host *  (IPv6) port 9443.
[11/12/24 8:49:51:591 EST] 00000051 com.ibm.ws.webcontainer.osgi.mbeans.PluginGenerator          I SRVE9103I: A configuration file for a web server plugin was automatically generated for this server at /opt/IBM/WebSphere/usr/servers/uhg/logs/state/plugin-cfg.xml.
[11/12/24 8:49:51:595 EST] 00000039 com.ibm.ws.kernel.feature.internal.FeatureManager            A CWWKF0012I: The server installed the following features: [jca-1.7, jms-2.0, jndi-1.0, servlet-3.1, ssl-1.0, transportSecurity-1.0].
[11/12/24 8:49:51:595 EST] 00000039 com.ibm.ws.kernel.feature.internal.FeatureManager            I CWWKF0008I: Feature update completed in 1.153 seconds.
[11/12/24 8:49:51:595 EST] 00000039 com.ibm.ws.kernel.feature.internal.FeatureManager            A CWWKF0011I: The uhg server is ready to run a smarter planet. The uhg server started in 1.450 seconds.
[11/12/24 8:49:51:623 EST] 00000054 com.ibm.ws.webcontainer.osgi.mbeans.PluginGenerator          I SRVE9103I: A configuration file for a web server plugin was automatically generated for this server at /opt/IBM/WebSphere/usr/servers/uhg/logs/state/plugin-cfg.xml.
[11/12/24 8:50:02:747 EST] 00000048 com.ibm.ws.jca.internal.BootstrapContextImpl                 W J2CA8501E: Property sslConfiguration of configuration element jms/CF cannot be set because it is not found on the class com.ibm.mq.connector.outbound.ManagedConnectionFactoryImpl.
[11/12/24 8:50:02:748 EST] 00000048 com.ibm.ws.jca.internal.BootstrapContextImpl                 W J2CA8501E: Property userId of configuration element jms/CF cannot be set because it is not found on the class com.ibm.mq.connector.outbound.ManagedConnectionFactoryImpl.
[11/12/24 8:50:02:755 EST] 00000048 com.ibm.ws.recoverylog.spi.RecoveryDirectorImpl              I CWRLS0010I: Performing recovery processing for local WebSphere server (uhg).
[11/12/24 8:50:02:766 EST] 00000065 com.ibm.ws.recoverylog.spi.LogHandle                         I CWRLS0007I: No existing recovery log files found in /opt/IBM/WebSphere/usr/servers/uhg/tranlog/tranlog. Cold starting the recovery log.
[11/12/24 8:50:02:767 EST] 00000065 com.ibm.ws.recoverylog.spi.LogFileHandle                     I CWRLS0006I: Creating new recovery log file /opt/IBM/WebSphere/usr/servers/uhg/tranlog/tranlog/log1.
[11/12/24 8:50:02:783 EST] 00000065 com.ibm.ws.recoverylog.spi.LogFileHandle                     I CWRLS0006I: Creating new recovery log file /opt/IBM/WebSphere/usr/servers/uhg/tranlog/tranlog/log2.
[11/12/24 8:50:02:890 EST] 00000065 com.ibm.ws.recoverylog.spi.LogHandle                         I CWRLS0007I: No existing recovery log files found in /opt/IBM/WebSphere/usr/servers/uhg/tranlog/partnerlog. Cold starting the recovery log.
[11/12/24 8:50:02:890 EST] 00000065 com.ibm.ws.recoverylog.spi.LogFileHandle                     I CWRLS0006I: Creating new recovery log file /opt/IBM/WebSphere/usr/servers/uhg/tranlog/partnerlog/log1.
[11/12/24 8:50:02:898 EST] 00000065 com.ibm.ws.recoverylog.spi.LogFileHandle                     I CWRLS0006I: Creating new recovery log file /opt/IBM/WebSphere/usr/servers/uhg/tranlog/partnerlog/log2.
[11/12/24 8:50:02:932 EST] 00000048 com.ibm.ws.recoverylog.spi.RecoveryDirectorImpl              I CWRLS0012I: All persistent services have been directed to perform recovery processing for this WebSphere server (uhg).
[11/12/24 8:50:02:932 EST] 00000065 com.ibm.tx.jta.impl.RecoveryManager                          I WTRN0135I: Transaction service recovering no transactions.
[11/12/24 8:50:02:939 EST] 00000048 com.ibm.ws.webcontainer.servlet                              I SRVE0242I: [WMQHTTP] [/WMQHTTP] [WMQHTTPServlet]: Initialization successful.
[11/12/24 8:50:33:042 EST] 00000029 com.ibm.ws.kernel.launch.internal.ServerCommandListener      A CWWKE0055I: Server shutdown requested on Tuesday, November 12, 2024 at 8:50 AM. The server uhg is shutting down.
[11/12/24 8:50:33:044 EST] 0000006b com.ibm.ws.runtime.update.internal.RuntimeUpdateManagerImpl  A CWWKE1100I: Waiting for up to 30 seconds for the server to quiesce.
[11/12/24 8:50:33:045 EST] 0000004e com.ibm.ws.tcpchannel.internal.TCPChannel                    I CWWKO0220I: TCP Channel defaultHttpEndpoint-ssl has stopped listening for requests on host *  (IPv6) port 9443.
[11/12/24 8:50:33:046 EST] 00000048 com.ibm.ws.tcpchannel.internal.TCPChannel                    I CWWKO0220I: TCP Channel defaultHttpEndpoint has stopped listening for requests on host *  (IPv6) port 9080.
[11/12/24 8:50:33:046 EST] 00000048 com.ibm.ws.http.internal.VirtualHostImpl                     A CWWKT0017I: Web application removed (default_host): http://172.17.0.1:9080/WMQHTTP/
[11/12/24 8:50:34:047 EST] 0000006b com.ibm.ws.runtime.update.internal.RuntimeUpdateManagerImpl  I CWWKE1101I: Server quiesce complete.
[11/12/24 8:50:34:055 EST] 00000056 com.ibm.ws.webcontainer.servlet                              I SRVE0253I: [WMQHTTP] [/WMQHTTP] [WMQHTTPServlet]: Destroy successful.
[11/12/24 8:50:34:058 EST] 00000056 com.ibm.ws.app.manager.AppMessageHelper                      A CWWKZ0009I: The application WMQHTTP has stopped successfully.
[11/12/24 8:50:34:073 EST] 00000059 om.ibm.ws.app.manager.rar.internal.RARApplicationHandlerImpl A J2CA7009I: The resource adapter mqJms has uninstalled successfully.
[11/12/24 8:50:34:103 EST] 0000006b com.ibm.tx.jta.impl.FailureScopeController                   A WTRN0105I: The transaction service has shutdown successfully with no transactions requiring recovery.
[11/12/24 8:50:34:202 EST] 00000001 com.ibm.ws.kernel.launch.internal.FrameworkManager           A CWWKE0036I: The server uhg stopped after 44.057 seconds.
